# JRE version: OpenJDK Runtime Environment (17.0.6) (build 17.0.6+0-b2043.56-10027231)
# Java VM: OpenJDK 64-Bit Server VM (17.0.6+0-b2043.56-10027231, mixed mode, tiered, compressed oops, compressed class ptrs, g1 gc, windows-amd64)
GC Precious Log:
 CPUs: 16 total, 16 available
 Memory: 16151M
 Large Page Support: Disabled
 NUMA Support: Disabled
 Compressed Oops: Enabled (32-bit)
 Heap Region Size: 1M
 Heap Min Capacity: 8M
 Heap Initial Capacity: 254M
 Heap Max Capacity: 2G
 Pre-touch: Disabled
 Parallel Workers: 13
 Concurrent Workers: 3
 Concurrent Refinement Workers: 13
 Periodic GC: Disabled
Heap:
 garbage-first heap   total 308224K, used 117221K [0x0000000080000000, 0x0000000100000000)
  region size 1024K, 18 young (18432K), 17 survivors (17408K)
 Metaspace       used 111426K, committed 112256K, reserved 1146880K
  class space    used 14829K, committed 15232K, reserved 1048576K
GC Heap History (20 events):
Event: 15.187 GC heap before
{Heap before GC invocations=37 (full 0):
 garbage-first heap   total 140288K, used 97759K [0x0000000080000000, 0x0000000100000000)
  region size 1024K, 40 young (40960K), 3 survivors (3072K)
 Metaspace       used 72434K, committed 73024K, reserved 1114112K
  class space    used 9526K, committed 9792K, reserved 1048576K
}
Event: 15.192 GC heap after
{Heap after GC invocations=38 (full 0):
 garbage-first heap   total 140288K, used 62684K [0x0000000080000000, 0x0000000100000000)
  region size 1024K, 5 young (5120K), 5 survivors (5120K)
 Metaspace       used 72434K, committed 73024K, reserved 1114112K
  class space    used 9526K, committed 9792K, reserved 1048576K
}
Event: 15.952 GC heap before
{Heap before GC invocations=38 (full 0):
 garbage-first heap   total 140288K, used 101596K [0x0000000080000000, 0x0000000100000000)
  region size 1024K, 43 young (44032K), 5 survivors (5120K)
 Metaspace       used 76819K, committed 77376K, reserved 1122304K
  class space    used 10099K, committed 10368K, reserved 1048576K
}
Event: 15.958 GC heap after
{Heap after GC invocations=39 (full 0):
 garbage-first heap   total 140288K, used 66001K [0x0000000080000000, 0x0000000100000000)
  region size 1024K, 6 young (6144K), 6 survivors (6144K)
 Metaspace       used 76819K, committed 77376K, reserved 1122304K
  class space    used 10099K, committed 10368K, reserved 1048576K
}
Event: 16.717 GC heap before
{Heap before GC invocations=39 (full 0):
 garbage-first heap   total 140288K, used 104913K [0x0000000080000000, 0x0000000100000000)
  region size 1024K, 44 young (45056K), 6 survivors (6144K)
 Metaspace       used 80258K, committed 80896K, reserved 1122304K
  class space    used 10594K, committed 10880K, reserved 1048576K
}
Event: 16.725 GC heap after
{Heap after GC invocations=40 (full 0):
 garbage-first heap   total 140288K, used 67895K [0x0000000080000000, 0x0000000100000000)
  region size 1024K, 5 young (5120K), 5 survivors (5120K)
 Metaspace       used 80258K, committed 80896K, reserved 1122304K
  class space    used 10594K, committed 10880K, reserved 1048576K
}
Event: 17.794 GC heap before
{Heap before GC invocations=40 (full 0):
 garbage-first heap   total 140288K, used 107831K [0x0000000080000000, 0x0000000100000000)
  region size 1024K, 44 young (45056K), 5 survivors (5120K)
 Metaspace       used 84816K, committed 85440K, reserved 1130496K
  class space    used 11400K, committed 11712K, reserved 1048576K
}
Event: 17.800 GC heap after
{Heap after GC invocations=41 (full 0):
 garbage-first heap   total 140288K, used 70560K [0x0000000080000000, 0x0000000100000000)
  region size 1024K, 5 young (5120K), 5 survivors (5120K)
 Metaspace       used 84816K, committed 85440K, reserved 1130496K
  class space    used 11400K, committed 11712K, reserved 1048576K
}
Event: 18.882 GC heap before
{Heap before GC invocations=42 (full 0):
 garbage-first heap   total 140288K, used 109472K [0x0000000080000000, 0x0000000100000000)
  region size 1024K, 43 young (44032K), 5 survivors (5120K)
 Metaspace       used 88759K, committed 89408K, reserved 1130496K
  class space    used 11980K, committed 12288K, reserved 1048576K
}
Event: 18.888 GC heap after
{Heap after GC invocations=43 (full 0):
 garbage-first heap   total 140288K, used 73751K [0x0000000080000000, 0x0000000100000000)
  region size 1024K, 6 young (6144K), 6 survivors (6144K)
 Metaspace       used 88759K, committed 89408K, reserved 1130496K
  class space    used 11980K, committed 12288K, reserved 1048576K
}
Event: 19.921 GC heap before
{Heap before GC invocations=43 (full 0):
 garbage-first heap   total 140288K, used 111639K [0x0000000080000000, 0x0000000100000000)
  region size 1024K, 43 young (44032K), 6 survivors (6144K)
 Metaspace       used 93499K, committed 94144K, reserved 1138688K
  class space    used 12641K, committed 12928K, reserved 1048576K
}
Event: 19.930 GC heap after
{Heap after GC invocations=44 (full 0):
 garbage-first heap   total 140288K, used 76884K [0x0000000080000000, 0x0000000100000000)
  region size 1024K, 6 young (6144K), 6 survivors (6144K)
 Metaspace       used 93499K, committed 94144K, reserved 1138688K
  class space    used 12641K, committed 12928K, reserved 1048576K
}
Event: 20.638 GC heap before
{Heap before GC invocations=45 (full 0):
 garbage-first heap   total 140288K, used 112724K [0x0000000080000000, 0x0000000100000000)
  region size 1024K, 41 young (41984K), 6 survivors (6144K)
 Metaspace       used 94705K, committed 95360K, reserved 1138688K
  class space    used 12807K, committed 13120K, reserved 1048576K
}
Event: 20.645 GC heap after
{Heap after GC invocations=46 (full 0):
 garbage-first heap   total 140288K, used 81517K [0x0000000080000000, 0x0000000100000000)
  region size 1024K, 6 young (6144K), 6 survivors (6144K)
 Metaspace       used 94705K, committed 95360K, reserved 1138688K
  class space    used 12807K, committed 13120K, reserved 1048576K
}
Event: 20.660 GC heap before
{Heap before GC invocations=46 (full 0):
 garbage-first heap   total 140288K, used 82541K [0x0000000080000000, 0x0000000100000000)
  region size 1024K, 7 young (7168K), 6 survivors (6144K)
 Metaspace       used 94705K, committed 95360K, reserved 1138688K
  class space    used 12807K, committed 13120K, reserved 1048576K
}
Event: 20.667 GC heap after
{Heap after GC invocations=47 (full 0):
 garbage-first heap   total 308224K, used 82304K [0x0000000080000000, 0x0000000100000000)
  region size 1024K, 1 young (1024K), 1 survivors (1024K)
 Metaspace       used 94705K, committed 95360K, reserved 1138688K
  class space    used 12807K, committed 13120K, reserved 1048576K
}
Event: 22.787 GC heap before
{Heap before GC invocations=47 (full 0):
 garbage-first heap   total 308224K, used 233856K [0x0000000080000000, 0x0000000100000000)
  region size 1024K, 149 young (152576K), 1 survivors (1024K)
 Metaspace       used 99361K, committed 100096K, reserved 1138688K
  class space    used 13444K, committed 13760K, reserved 1048576K
}
Event: 22.801 GC heap after
{Heap after GC invocations=48 (full 0):
 garbage-first heap   total 308224K, used 96366K [0x0000000080000000, 0x0000000100000000)
  region size 1024K, 15 young (15360K), 15 survivors (15360K)
 Metaspace       used 99361K, committed 100096K, reserved 1138688K
  class space    used 13444K, committed 13760K, reserved 1048576K
}
Event: 41.479 GC heap before
{Heap before GC invocations=48 (full 0):
 garbage-first heap   total 308224K, used 223342K [0x0000000080000000, 0x0000000100000000)
  region size 1024K, 140 young (143360K), 15 survivors (15360K)
 Metaspace       used 105916K, committed 106688K, reserved 1146880K
  class space    used 14330K, committed 14720K, reserved 1048576K
}
Event: 41.494 GC heap after
{Heap after GC invocations=49 (full 0):
 garbage-first heap   total 308224K, used 105765K [0x0000000080000000, 0x0000000100000000)
  region size 1024K, 10 young (10240K), 10 survivors (10240K)
 Metaspace       used 105916K, committed 106688K, reserved 1146880K
  class space    used 14330K, committed 14720K, reserved 1048576K
}

