# JRE version: OpenJDK Runtime Environment (17.0.6) (build 17.0.6+0-b2043.56-10027231)
# Java VM: OpenJDK 64-Bit Server VM (17.0.6+0-b2043.56-10027231, mixed mode, tiered, compressed oops, compressed class ptrs, g1 gc, windows-amd64)
GC Precious Log:
 CPUs: 16 total, 16 available
 Memory: 16151M
 Large Page Support: Disabled
 NUMA Support: Disabled
 Compressed Oops: Enabled (32-bit)
 Heap Region Size: 1M
 Heap Min Capacity: 8M
 Heap Initial Capacity: 254M
 Heap Max Capacity: 2G
 Pre-touch: Disabled
 Parallel Workers: 13
 Concurrent Workers: 3
 Concurrent Refinement Workers: 13
 Periodic GC: Disabled
Heap:
 garbage-first heap   total 262144K, used 120721K [0x0000000080000000, 0x0000000100000000)
  region size 1024K, 7 young (7168K), 7 survivors (7168K)
 Metaspace       used 125267K, committed 126016K, reserved 1163264K
  class space    used 16421K, committed 16768K, reserved 1048576K
GC Heap History (20 events):
Event: 222.751 GC heap after
{Heap after GC invocations=62 (full 0):
 garbage-first heap   total 233472K, used 132233K [0x0000000080000000, 0x0000000100000000)
  region size 1024K, 4 young (4096K), 4 survivors (4096K)
 Metaspace       used 110560K, committed 111296K, reserved 1146880K
  class space    used 14611K, committed 14976K, reserved 1048576K
}
Event: 223.618 GC heap before
{Heap before GC invocations=63 (full 0):
 garbage-first heap   total 247808K, used 179337K [0x0000000080000000, 0x0000000100000000)
  region size 1024K, 34 young (34816K), 4 survivors (4096K)
 Metaspace       used 113108K, committed 113920K, reserved 1155072K
  class space    used 14913K, committed 15296K, reserved 1048576K
}
Event: 223.622 GC heap after
{Heap after GC invocations=64 (full 0):
 garbage-first heap   total 247808K, used 134180K [0x0000000080000000, 0x0000000100000000)
  region size 1024K, 2 young (2048K), 2 survivors (2048K)
 Metaspace       used 113108K, committed 113920K, reserved 1155072K
  class space    used 14913K, committed 15296K, reserved 1048576K
}
Event: 223.748 GC heap before
{Heap before GC invocations=64 (full 0):
 garbage-first heap   total 247808K, used 143396K [0x0000000080000000, 0x0000000100000000)
  region size 1024K, 12 young (12288K), 2 survivors (2048K)
 Metaspace       used 113187K, committed 113984K, reserved 1155072K
  class space    used 14919K, committed 15296K, reserved 1048576K
}
Event: 223.754 GC heap after
{Heap after GC invocations=65 (full 0):
 garbage-first heap   total 247808K, used 134558K [0x0000000080000000, 0x0000000100000000)
  region size 1024K, 2 young (2048K), 2 survivors (2048K)
 Metaspace       used 113187K, committed 113984K, reserved 1155072K
  class space    used 14919K, committed 15296K, reserved 1048576K
}
Event: 1395.240 GC heap before
{Heap before GC invocations=65 (full 0):
 garbage-first heap   total 247808K, used 174494K [0x0000000080000000, 0x0000000100000000)
  region size 1024K, 42 young (43008K), 2 survivors (2048K)
 Metaspace       used 114507K, committed 115264K, reserved 1155072K
  class space    used 15056K, committed 15424K, reserved 1048576K
}
Event: 1395.250 GC heap after
{Heap after GC invocations=66 (full 0):
 garbage-first heap   total 247808K, used 135429K [0x0000000080000000, 0x0000000100000000)
  region size 1024K, 3 young (3072K), 3 survivors (3072K)
 Metaspace       used 114507K, committed 115264K, reserved 1155072K
  class space    used 15056K, committed 15424K, reserved 1048576K
}
Event: 3678.802 GC heap before
{Heap before GC invocations=67 (full 0):
 garbage-first heap   total 247808K, used 167173K [0x0000000080000000, 0x0000000100000000)
  region size 1024K, 47 young (48128K), 3 survivors (3072K)
 Metaspace       used 114551K, committed 115328K, reserved 1155072K
  class space    used 15056K, committed 15424K, reserved 1048576K
}
Event: 3678.877 GC heap after
{Heap after GC invocations=68 (full 0):
 garbage-first heap   total 247808K, used 120790K [0x0000000080000000, 0x0000000100000000)
  region size 1024K, 2 young (2048K), 2 survivors (2048K)
 Metaspace       used 114551K, committed 115328K, reserved 1155072K
  class space    used 15056K, committed 15424K, reserved 1048576K
}
Event: 4192.391 GC heap before
{Heap before GC invocations=68 (full 0):
 garbage-first heap   total 247808K, used 131030K [0x0000000080000000, 0x0000000100000000)
  region size 1024K, 12 young (12288K), 2 survivors (2048K)
 Metaspace       used 114554K, committed 115328K, reserved 1155072K
  class space    used 15056K, committed 15424K, reserved 1048576K
}
Event: 4192.426 GC heap after
{Heap after GC invocations=69 (full 0):
 garbage-first heap   total 247808K, used 113710K [0x0000000080000000, 0x0000000100000000)
  region size 1024K, 1 young (1024K), 1 survivors (1024K)
 Metaspace       used 114554K, committed 115328K, reserved 1155072K
  class space    used 15056K, committed 15424K, reserved 1048576K
}
Event: 6599.733 GC heap before
{Heap before GC invocations=69 (full 0):
 garbage-first heap   total 247808K, used 179246K [0x0000000080000000, 0x0000000100000000)
  region size 1024K, 65 young (66560K), 1 survivors (1024K)
 Metaspace       used 114689K, committed 115456K, reserved 1155072K
  class space    used 15070K, committed 15424K, reserved 1048576K
}
Event: 6599.758 GC heap after
{Heap after GC invocations=70 (full 0):
 garbage-first heap   total 247808K, used 115470K [0x0000000080000000, 0x0000000100000000)
  region size 1024K, 3 young (3072K), 3 survivors (3072K)
 Metaspace       used 114689K, committed 115456K, reserved 1155072K
  class space    used 15070K, committed 15424K, reserved 1048576K
}
Event: 6602.847 GC heap before
{Heap before GC invocations=71 (full 0):
 garbage-first heap   total 247808K, used 191246K [0x0000000080000000, 0x0000000100000000)
  region size 1024K, 77 young (78848K), 3 survivors (3072K)
 Metaspace       used 120129K, committed 120832K, reserved 1155072K
  class space    used 15715K, committed 16064K, reserved 1048576K
}
Event: 6602.923 GC heap after
{Heap after GC invocations=72 (full 0):
 garbage-first heap   total 247808K, used 123751K [0x0000000080000000, 0x0000000100000000)
  region size 1024K, 10 young (10240K), 10 survivors (10240K)
 Metaspace       used 120129K, committed 120832K, reserved 1155072K
  class space    used 15715K, committed 16064K, reserved 1048576K
}
Event: 6602.932 GC heap before
{Heap before GC invocations=72 (full 0):
 garbage-first heap   total 247808K, used 125799K [0x0000000080000000, 0x0000000100000000)
  region size 1024K, 12 young (12288K), 10 survivors (10240K)
 Metaspace       used 120155K, committed 120832K, reserved 1155072K
  class space    used 15718K, committed 16064K, reserved 1048576K
}
Event: 6603.068 GC heap after
{Heap after GC invocations=73 (full 0):
 garbage-first heap   total 247808K, used 113396K [0x0000000080000000, 0x0000000100000000)
  region size 1024K, 2 young (2048K), 2 survivors (2048K)
 Metaspace       used 120155K, committed 120832K, reserved 1155072K
  class space    used 15718K, committed 16064K, reserved 1048576K
}
Event: 6603.182 GC heap before
{Heap before GC invocations=73 (full 0):
 garbage-first heap   total 247808K, used 123636K [0x0000000080000000, 0x0000000100000000)
  region size 1024K, 12 young (12288K), 2 survivors (2048K)
 Metaspace       used 120309K, committed 120960K, reserved 1155072K
  class space    used 15736K, committed 16064K, reserved 1048576K
}
Event: 6603.188 GC heap after
{Heap after GC invocations=74 (full 0):
 garbage-first heap   total 247808K, used 115123K [0x0000000080000000, 0x0000000100000000)
  region size 1024K, 2 young (2048K), 2 survivors (2048K)
 Metaspace       used 120309K, committed 120960K, reserved 1155072K
  class space    used 15736K, committed 16064K, reserved 1048576K
}
Event: 6616.773 GC heap before
{Heap before GC invocations=74 (full 0):
 garbage-first heap   total 247808K, used 186803K [0x0000000080000000, 0x0000000100000000)
  region size 1024K, 73 young (74752K), 2 survivors (2048K)
 Metaspace       used 125267K, committed 126016K, reserved 1163264K
  class space    used 16421K, committed 16768K, reserved 1048576K
}

