# JRE version: OpenJDK Runtime Environment (17.0.6) (build 17.0.6+0-b2043.56-10027231)
# Java VM: OpenJDK 64-Bit Server VM (17.0.6+0-b2043.56-10027231, mixed mode, tiered, compressed oops, compressed class ptrs, g1 gc, windows-amd64)
GC Precious Log:
 CPUs: 16 total, 16 available
 Memory: 16151M
 Large Page Support: Disabled
 NUMA Support: Disabled
 Compressed Oops: Enabled (Zero based)
 Heap Region Size: 2M
 Heap Min Capacity: 8M
 Heap Initial Capacity: 254M
 Heap Max Capacity: 4038M
 Pre-touch: Disabled
 Parallel Workers: 13
 Concurrent Workers: 3
 Concurrent Refinement Workers: 13
 Periodic GC: Disabled
Heap:
 garbage-first heap   total 155648K, used 116736K [0x0000000703a00000, 0x0000000800000000)
  region size 2048K, 31 young (63488K), 1 survivors (2048K)
 Metaspace       used 79210K, committed 79488K, reserved 1122304K
  class space    used 9097K, committed 9216K, reserved 1048576K
GC Heap History (20 events):
Event: 2.255 GC heap before
{Heap before GC invocations=2 (full 0):
 garbage-first heap   total 260096K, used 12187K [0x0000000703a00000, 0x0000000800000000)
  region size 2048K, 5 young (10240K), 3 survivors (6144K)
 Metaspace       used 21306K, committed 21504K, reserved 1073152K
  class space    used 2314K, committed 2432K, reserved 1048576K
}
Event: 2.261 GC heap after
{Heap after GC invocations=3 (full 0):
 garbage-first heap   total 260096K, used 10516K [0x0000000703a00000, 0x0000000800000000)
  region size 2048K, 4 young (8192K), 4 survivors (8192K)
 Metaspace       used 21306K, committed 21504K, reserved 1073152K
  class space    used 2314K, committed 2432K, reserved 1048576K
}
Event: 2.948 GC heap before
{Heap before GC invocations=4 (full 0):
 garbage-first heap   total 49152K, used 35092K [0x0000000703a00000, 0x0000000800000000)
  region size 2048K, 15 young (30720K), 4 survivors (8192K)
 Metaspace       used 27383K, committed 27648K, reserved 1081344K
  class space    used 2979K, committed 3072K, reserved 1048576K
}
Event: 2.960 GC heap after
{Heap after GC invocations=5 (full 0):
 garbage-first heap   total 49152K, used 16332K [0x0000000703a00000, 0x0000000800000000)
  region size 2048K, 4 young (8192K), 4 survivors (8192K)
 Metaspace       used 27383K, committed 27648K, reserved 1081344K
  class space    used 2979K, committed 3072K, reserved 1048576K
}
Event: 3.467 GC heap before
{Heap before GC invocations=5 (full 0):
 garbage-first heap   total 49152K, used 34764K [0x0000000703a00000, 0x0000000800000000)
  region size 2048K, 13 young (26624K), 4 survivors (8192K)
 Metaspace       used 31241K, committed 31488K, reserved 1081344K
  class space    used 3765K, committed 3904K, reserved 1048576K
}
Event: 3.479 GC heap after
{Heap after GC invocations=6 (full 0):
 garbage-first heap   total 49152K, used 20807K [0x0000000703a00000, 0x0000000800000000)
  region size 2048K, 2 young (4096K), 2 survivors (4096K)
 Metaspace       used 31241K, committed 31488K, reserved 1081344K
  class space    used 3765K, committed 3904K, reserved 1048576K
}
Event: 3.917 GC heap before
{Heap before GC invocations=6 (full 0):
 garbage-first heap   total 49152K, used 33095K [0x0000000703a00000, 0x0000000800000000)
  region size 2048K, 9 young (18432K), 2 survivors (4096K)
 Metaspace       used 34698K, committed 34944K, reserved 1081344K
  class space    used 4373K, committed 4480K, reserved 1048576K
}
Event: 3.931 GC heap after
{Heap after GC invocations=7 (full 0):
 garbage-first heap   total 49152K, used 22922K [0x0000000703a00000, 0x0000000800000000)
  region size 2048K, 1 young (2048K), 1 survivors (2048K)
 Metaspace       used 34698K, committed 34944K, reserved 1081344K
  class space    used 4373K, committed 4480K, reserved 1048576K
}
Event: 4.082 GC heap before
{Heap before GC invocations=7 (full 0):
 garbage-first heap   total 49152K, used 27018K [0x0000000703a00000, 0x0000000800000000)
  region size 2048K, 4 young (8192K), 1 survivors (2048K)
 Metaspace       used 35741K, committed 35968K, reserved 1081344K
  class space    used 4487K, committed 4608K, reserved 1048576K
}
Event: 4.088 GC heap after
{Heap after GC invocations=8 (full 0):
 garbage-first heap   total 49152K, used 24131K [0x0000000703a00000, 0x0000000800000000)
  region size 2048K, 1 young (2048K), 1 survivors (2048K)
 Metaspace       used 35741K, committed 35968K, reserved 1081344K
  class space    used 4487K, committed 4608K, reserved 1048576K
}
Event: 4.416 GC heap before
{Heap before GC invocations=9 (full 0):
 garbage-first heap   total 49152K, used 34371K [0x0000000703a00000, 0x0000000800000000)
  region size 2048K, 6 young (12288K), 1 survivors (2048K)
 Metaspace       used 37327K, committed 37568K, reserved 1089536K
  class space    used 4682K, committed 4800K, reserved 1048576K
}
Event: 4.423 GC heap after
{Heap after GC invocations=10 (full 0):
 garbage-first heap   total 155648K, used 23591K [0x0000000703a00000, 0x0000000800000000)
  region size 2048K, 1 young (2048K), 1 survivors (2048K)
 Metaspace       used 37327K, committed 37568K, reserved 1089536K
  class space    used 4682K, committed 4800K, reserved 1048576K
}
Event: 6.481 GC heap before
{Heap before GC invocations=10 (full 0):
 garbage-first heap   total 155648K, used 99367K [0x0000000703a00000, 0x0000000800000000)
  region size 2048K, 37 young (75776K), 1 survivors (2048K)
 Metaspace       used 49093K, committed 49280K, reserved 1097728K
  class space    used 5871K, committed 5952K, reserved 1048576K
}
Event: 6.499 GC heap after
{Heap after GC invocations=11 (full 0):
 garbage-first heap   total 155648K, used 33486K [0x0000000703a00000, 0x0000000800000000)
  region size 2048K, 5 young (10240K), 5 survivors (10240K)
 Metaspace       used 49093K, committed 49280K, reserved 1097728K
  class space    used 5871K, committed 5952K, reserved 1048576K
}
Event: 8.976 GC heap before
{Heap before GC invocations=11 (full 0):
 garbage-first heap   total 155648K, used 105166K [0x0000000703a00000, 0x0000000800000000)
  region size 2048K, 40 young (81920K), 5 survivors (10240K)
 Metaspace       used 55168K, committed 55488K, reserved 1105920K
  class space    used 6459K, committed 6592K, reserved 1048576K
}
Event: 9.006 GC heap after
{Heap after GC invocations=12 (full 0):
 garbage-first heap   total 155648K, used 42986K [0x0000000703a00000, 0x0000000800000000)
  region size 2048K, 5 young (10240K), 5 survivors (10240K)
 Metaspace       used 55168K, committed 55488K, reserved 1105920K
  class space    used 6459K, committed 6592K, reserved 1048576K
}
Event: 10.432 GC heap before
{Heap before GC invocations=12 (full 0):
 garbage-first heap   total 155648K, used 83946K [0x0000000703a00000, 0x0000000800000000)
  region size 2048K, 26 young (53248K), 5 survivors (10240K)
 Metaspace       used 60007K, committed 60288K, reserved 1105920K
  class space    used 7124K, committed 7232K, reserved 1048576K
}
Event: 10.453 GC heap after
{Heap after GC invocations=13 (full 0):
 garbage-first heap   total 155648K, used 46103K [0x0000000703a00000, 0x0000000800000000)
  region size 2048K, 2 young (4096K), 2 survivors (4096K)
 Metaspace       used 60007K, committed 60288K, reserved 1105920K
  class space    used 7124K, committed 7232K, reserved 1048576K
}
Event: 14.448 GC heap before
{Heap before GC invocations=14 (full 0):
 garbage-first heap   total 155648K, used 113687K [0x0000000703a00000, 0x0000000800000000)
  region size 2048K, 35 young (71680K), 2 survivors (4096K)
 Metaspace       used 70046K, committed 70336K, reserved 1114112K
  class space    used 8113K, committed 8256K, reserved 1048576K
}
Event: 14.473 GC heap after
{Heap after GC invocations=15 (full 0):
 garbage-first heap   total 155648K, used 55296K [0x0000000703a00000, 0x0000000800000000)
  region size 2048K, 5 young (10240K), 5 survivors (10240K)
 Metaspace       used 70046K, committed 70336K, reserved 1114112K
  class space    used 8113K, committed 8256K, reserved 1048576K
}

